CRITICAL - 2022-03-27 16:56:35 --> syntax error, unexpected 'pet' (T_STRING), expecting ')'
#0 C:\xampp\htdocs\mascotas\system\View\View.php(213): CodeIgniter\View\View->CodeIgniter\View\{closure}()
#1 C:\xampp\htdocs\mascotas\system\Common.php(1089): CodeIgniter\View\View->render('portal/Juguetes', Array, true)
#2 C:\xampp\htdocs\mascotas\app\Controllers\Portal\Juguetes.php(29): view('portal/Juguetes', Array)
#3 C:\xampp\htdocs\mascotas\app\Controllers\Portal\Juguetes.php(14): App\Controllers\Portal\Juguetes->crear_vista('portal/Juguetes', Array)
#4 C:\xampp\htdocs\mascotas\system\CodeIgniter.php(825): App\Controllers\Portal\Juguetes->index()
#5 C:\xampp\htdocs\mascotas\system\CodeIgniter.php(412): CodeIgniter\CodeIgniter->runController(Object(App\Controllers\Portal\Juguetes))
#6 C:\xampp\htdocs\mascotas\system\CodeIgniter.php(320): CodeIgniter\CodeIgniter->handleRequest(NULL, Object(Config\Cache), false)
#7 C:\xampp\htdocs\mascotas\public\index.php(37): CodeIgniter\CodeIgniter->run()
#8 C:\xampp\htdocs\mascotas\system\Commands\Server\rewrite.php(43): require_once('C:\\xampp\\htdocs...')
#9 {main}
CRITICAL - 2022-03-27 16:57:17 --> syntax error, unexpected ''good-food.jpg" width="300" he' (T_ENCAPSED_AND_WHITESPACE)
#0 C:\xampp\htdocs\mascotas\system\View\View.php(213): CodeIgniter\View\View->CodeIgniter\View\{closure}()
#1 C:\xampp\htdocs\mascotas\system\Common.php(1089): CodeIgniter\View\View->render('portal/Juguetes', Array, true)
#2 C:\xampp\htdocs\mascotas\app\Controllers\Portal\Juguetes.php(29): view('portal/Juguetes', Array)
#3 C:\xampp\htdocs\mascotas\app\Controllers\Portal\Juguetes.php(14): App\Controllers\Portal\Juguetes->crear_vista('portal/Juguetes', Array)
#4 C:\xampp\htdocs\mascotas\system\CodeIgniter.php(825): App\Controllers\Portal\Juguetes->index()
#5 C:\xampp\htdocs\mascotas\system\CodeIgniter.php(412): CodeIgniter\CodeIgniter->runController(Object(App\Controllers\Portal\Juguetes))
#6 C:\xampp\htdocs\mascotas\system\CodeIgniter.php(320): CodeIgniter\CodeIgniter->handleRequest(NULL, Object(Config\Cache), false)
#7 C:\xampp\htdocs\mascotas\public\index.php(37): CodeIgniter\CodeIgniter->run()
#8 C:\xampp\htdocs\mascotas\system\Commands\Server\rewrite.php(43): require_once('C:\\xampp\\htdocs...')
#9 {main}
