CRITICAL - 2022-03-29 17:11:03 --> Call to undefined function form_open()
#0 C:\xampp\htdocs\mascotas\system\View\View.php(210): include()
#1 C:\xampp\htdocs\mascotas\system\View\View.php(213): CodeIgniter\View\View->CodeIgniter\View\{closure}()
#2 C:\xampp\htdocs\mascotas\system\Common.php(1089): CodeIgniter\View\View->render('usuario/new_acc...', Array, true)
#3 C:\xampp\htdocs\mascotas\app\Controllers\Usuario\Acceso.php(18): view('usuario/new_acc...')
#4 C:\xampp\htdocs\mascotas\app\Controllers\Usuario\Acceso.php(13): App\Controllers\Usuario\Acceso->crear_vista('usuario/new_acc...')
#5 C:\xampp\htdocs\mascotas\system\CodeIgniter.php(825): App\Controllers\Usuario\Acceso->index()
#6 C:\xampp\htdocs\mascotas\system\CodeIgniter.php(412): CodeIgniter\CodeIgniter->runController(Object(App\Controllers\Usuario\Acceso))
#7 C:\xampp\htdocs\mascotas\system\CodeIgniter.php(320): CodeIgniter\CodeIgniter->handleRequest(NULL, Object(Config\Cache), false)
#8 C:\xampp\htdocs\mascotas\public\index.php(37): CodeIgniter\CodeIgniter->run()
#9 C:\xampp\htdocs\mascotas\system\Commands\Server\rewrite.php(43): require_once('C:\\xampp\\htdocs...')
#10 {main}
CRITICAL - 2022-03-29 17:21:03 --> Invalid file: plantillas/panel_base.php
#0 C:\xampp\htdocs\Mascotitas\system\View\View.php(198): CodeIgniter\Exceptions\FrameworkException::forInvalidFile('plantillas/pane...')
#1 C:\xampp\htdocs\Mascotitas\system\View\View.php(226): CodeIgniter\View\View->render('plantillas/pane...', Array, true)
#2 C:\xampp\htdocs\Mascotitas\system\Common.php(1089): CodeIgniter\View\View->render('panel/dashboard', Array, true)
#3 C:\xampp\htdocs\Mascotitas\app\Controllers\Panel\Dashboard.php(60): view('panel/dashboard', Array)
#4 C:\xampp\htdocs\Mascotitas\app\Controllers\Panel\Dashboard.php(28): App\Controllers\Panel\Dashboard->crear_vista('panel/dashboard', Array)
#5 C:\xampp\htdocs\Mascotitas\system\CodeIgniter.php(825): App\Controllers\Panel\Dashboard->index()
#6 C:\xampp\htdocs\Mascotitas\system\CodeIgniter.php(412): CodeIgniter\CodeIgniter->runController(Object(App\Controllers\Panel\Dashboard))
#7 C:\xampp\htdocs\Mascotitas\system\CodeIgniter.php(320): CodeIgniter\CodeIgniter->handleRequest(NULL, Object(Config\Cache), false)
#8 C:\xampp\htdocs\Mascotitas\public\index.php(37): CodeIgniter\CodeIgniter->run()
#9 C:\xampp\htdocs\Mascotitas\system\Commands\Server\rewrite.php(43): require_once('C:\\xampp\\htdocs...')
#10 {main}
ERROR - 2022-03-29 17:25:21 --> Cannot add or update a child row: a foreign key constraint fails (`mascotas`.`usuarios`, CONSTRAINT `usuarios_ibfk_1` FOREIGN KEY (`id_rol`) REFERENCES `roles` (`id_rol`) ON DELETE CASCADE ON UPDATE CASCADE)
CRITICAL - 2022-03-29 17:25:21 --> Cannot add or update a child row: a foreign key constraint fails (`mascotas`.`usuarios`, CONSTRAINT `usuarios_ibfk_1` FOREIGN KEY (`id_rol`) REFERENCES `roles` (`id_rol`) ON DELETE CASCADE ON UPDATE CASCADE)
#0 C:\xampp\htdocs\Mascotitas\system\Database\MySQLi\Connection.php(292): mysqli->query('INSERT INTO `us...', 0)
#1 C:\xampp\htdocs\Mascotitas\system\Database\BaseConnection.php(670): CodeIgniter\Database\MySQLi\Connection->execute('INSERT INTO `us...')
#2 C:\xampp\htdocs\Mascotitas\system\Database\BaseConnection.php(598): CodeIgniter\Database\BaseConnection->simpleQuery('INSERT INTO `us...')
#3 C:\xampp\htdocs\Mascotitas\system\Database\BaseBuilder.php(1771): CodeIgniter\Database\BaseConnection->query('INSERT INTO `us...', Array, false)
#4 C:\xampp\htdocs\Mascotitas\system\Model.php(239): CodeIgniter\Database\BaseBuilder->insert()
#5 C:\xampp\htdocs\Mascotitas\system\BaseModel.php(738): CodeIgniter\Model->doInsert(Array)
#6 C:\xampp\htdocs\Mascotitas\system\Model.php(625): CodeIgniter\BaseModel->insert(Array, true)
#7 C:\xampp\htdocs\Mascotitas\app\Controllers\Panel\Usuario_nuevo.php(107): CodeIgniter\Model->insert(Array)
#8 C:\xampp\htdocs\Mascotitas\system\CodeIgniter.php(825): App\Controllers\Panel\Usuario_nuevo->registrar()
#9 C:\xampp\htdocs\Mascotitas\system\CodeIgniter.php(412): CodeIgniter\CodeIgniter->runController(Object(App\Controllers\Panel\Usuario_nuevo))
#10 C:\xampp\htdocs\Mascotitas\system\CodeIgniter.php(320): CodeIgniter\CodeIgniter->handleRequest(NULL, Object(Config\Cache), false)
#11 C:\xampp\htdocs\Mascotitas\public\index.php(37): CodeIgniter\CodeIgniter->run()
#12 C:\xampp\htdocs\Mascotitas\system\Commands\Server\rewrite.php(43): require_once('C:\\xampp\\htdocs...')
#13 {main}
